<?xml version="1.0" encoding="UTF-8"?>
<testsuites name="ValidationTest" tests="25" time="0.000">
  <testsuite name="Get All Activities" id="71b23f68-449f-416d-a5fb-b9564348101f" timestamp="2022-12-21T14:04:57.233Z" tests="0" failures="0" errors="2" time="0.000">
    <system-err><![CDATA[Iteration: 0
RequestError: Error: getaddrinfo ENOTFOUND ligirkappservice.azurewebsites.net
    at GetAddrInfoReqWrap.onlookup [as oncomplete] (node:dns:71:26)

---
testScriptError: Unexpected token u in JSON at position 0
---
]]></system-err>
  </testsuite>
  <testsuite name="Get All Authors" id="0c47076e-9250-4739-871c-0f814b6771c6" timestamp="2022-12-21T14:04:57.233Z" tests="0" failures="0" errors="2" time="0.000">
    <system-err><![CDATA[Iteration: 0
RequestError: Error: getaddrinfo ENOTFOUND ligirkappservice.azurewebsites.net
    at GetAddrInfoReqWrap.onlookup [as oncomplete] (node:dns:71:26)

---
testScriptError: Unexpected token u in JSON at position 0
---
]]></system-err>
  </testsuite>
  <testsuite name="Get All Books" id="02dfa352-b4b1-4de2-8f40-7b6c0242fae8" timestamp="2022-12-21T14:04:57.233Z" tests="0" failures="0" errors="2" time="0.000">
    <system-err><![CDATA[Iteration: 0
RequestError: Error: getaddrinfo ENOTFOUND ligirkappservice.azurewebsites.net
    at GetAddrInfoReqWrap.onlookup [as oncomplete] (node:dns:71:26)

---
testScriptError: Unexpected token u in JSON at position 0
---
]]></system-err>
  </testsuite>
  <testsuite name="Get All CoverPhotos" id="1273f5a0-95f9-412d-b7ce-e5fc1e13efb3" timestamp="2022-12-21T14:04:57.233Z" tests="0" failures="0" errors="2" time="0.000">
    <system-err><![CDATA[Iteration: 0
RequestError: Error: getaddrinfo ENOTFOUND ligirkappservice.azurewebsites.net
    at GetAddrInfoReqWrap.onlookup [as oncomplete] (node:dns:71:26)

---
testScriptError: Unexpected token u in JSON at position 0
---
]]></system-err>
  </testsuite>
  <testsuite name="Get All Users" id="13f933b8-22df-497b-b378-e877f67a1e3c" timestamp="2022-12-21T14:04:57.233Z" tests="0" failures="0" errors="2" time="0.000">
    <system-err><![CDATA[Iteration: 0
RequestError: Error: getaddrinfo ENOTFOUND ligirkappservice.azurewebsites.net
    at GetAddrInfoReqWrap.onlookup [as oncomplete] (node:dns:71:26)

---
testScriptError: Unexpected token u in JSON at position 0
---
]]></system-err>
  </testsuite>
  <testsuite name="Create Activity" id="72faaeb3-1b2d-4cf2-80cc-d93d9dd0f77e" timestamp="2022-12-21T14:04:57.233Z" tests="1" failures="1" errors="1" time="0.000">
    <system-err><![CDATA[Iteration: 0
RequestError: Error: getaddrinfo ENOTFOUND ligirkappservice.azurewebsites.net
    at GetAddrInfoReqWrap.onlookup [as oncomplete] (node:dns:71:26)

---
]]></system-err>
    <testcase name="Create activity response body as expected" time="0.000" classname="ValidationTest">
      <failure type="AssertionFailure" message="expected response body to equal 'null' but got undefined">
        <![CDATA[Failed 1 times.]]>
        <![CDATA[Collection JSON ID: f76b0854-7218-400d-ad29-e42337618151.]]>
        <![CDATA[Collection name: ValidationTest.]]>
        <![CDATA[Request name: Create Activity.]]>
        <![CDATA[Test description: Create activity response body as expected.]]>
        <![CDATA[Error message: expected response body to equal 'null' but got undefined.]]>
        <![CDATA[Stacktrace: AssertionError: expected response body to equal 'null' but got undefined
   at Object.eval sandbox-script.js:1:6).]]>
      </failure>
    </testcase>
  </testsuite>
  <testsuite name="Create Author" id="20c3705d-66a7-4958-b2d5-d56bedbb6d19" timestamp="2022-12-21T14:04:57.233Z" tests="1" failures="1" errors="1" time="0.000">
    <system-err><![CDATA[Iteration: 0
RequestError: Error: getaddrinfo ENOTFOUND ligirkappservice.azurewebsites.net
    at GetAddrInfoReqWrap.onlookup [as oncomplete] (node:dns:71:26)

---
]]></system-err>
    <testcase name="Create author response body as expected" time="0.000" classname="ValidationTest">
      <failure type="AssertionFailure" message="expected response body to equal 'null' but got undefined">
        <![CDATA[Failed 1 times.]]>
        <![CDATA[Collection JSON ID: f76b0854-7218-400d-ad29-e42337618151.]]>
        <![CDATA[Collection name: ValidationTest.]]>
        <![CDATA[Request name: Create Author.]]>
        <![CDATA[Test description: Create author response body as expected.]]>
        <![CDATA[Error message: expected response body to equal 'null' but got undefined.]]>
        <![CDATA[Stacktrace: AssertionError: expected response body to equal 'null' but got undefined
   at Object.eval sandbox-script.js:1:7).]]>
      </failure>
    </testcase>
  </testsuite>
  <testsuite name="Create Book" id="ac1c1ba8-85b1-4949-9343-b46dd6395d08" timestamp="2022-12-21T14:04:57.233Z" tests="1" failures="1" errors="1" time="0.000">
    <system-err><![CDATA[Iteration: 0
RequestError: Error: getaddrinfo ENOTFOUND ligirkappservice.azurewebsites.net
    at GetAddrInfoReqWrap.onlookup [as oncomplete] (node:dns:71:26)

---
]]></system-err>
    <testcase name="Create book response body as expected" time="0.000" classname="ValidationTest">
      <failure type="AssertionFailure" message="expected response body to equal 'null' but got undefined">
        <![CDATA[Failed 1 times.]]>
        <![CDATA[Collection JSON ID: f76b0854-7218-400d-ad29-e42337618151.]]>
        <![CDATA[Collection name: ValidationTest.]]>
        <![CDATA[Request name: Create Book.]]>
        <![CDATA[Test description: Create book response body as expected.]]>
        <![CDATA[Error message: expected response body to equal 'null' but got undefined.]]>
        <![CDATA[Stacktrace: AssertionError: expected response body to equal 'null' but got undefined
   at Object.eval sandbox-script.js:1:8).]]>
      </failure>
    </testcase>
  </testsuite>
  <testsuite name="Create CoverPhoto" id="9bc3864c-6e7a-4d4b-9bc1-78f2315a2b0b" timestamp="2022-12-21T14:04:57.233Z" tests="1" failures="1" errors="1" time="0.000">
    <system-err><![CDATA[Iteration: 0
RequestError: Error: getaddrinfo ENOTFOUND ligirkappservice.azurewebsites.net
    at GetAddrInfoReqWrap.onlookup [as oncomplete] (node:dns:71:26)

---
]]></system-err>
    <testcase name="Create cover photo response body as expected" time="0.000" classname="ValidationTest">
      <failure type="AssertionFailure" message="expected response body to equal 'null' but got undefined">
        <![CDATA[Failed 1 times.]]>
        <![CDATA[Collection JSON ID: f76b0854-7218-400d-ad29-e42337618151.]]>
        <![CDATA[Collection name: ValidationTest.]]>
        <![CDATA[Request name: Create CoverPhoto.]]>
        <![CDATA[Test description: Create cover photo response body as expected.]]>
        <![CDATA[Error message: expected response body to equal 'null' but got undefined.]]>
        <![CDATA[Stacktrace: AssertionError: expected response body to equal 'null' but got undefined
   at Object.eval sandbox-script.js:1:9).]]>
      </failure>
    </testcase>
  </testsuite>
  <testsuite name="Create User" id="67c0bc94-f256-45a7-9560-81e438c7314b" timestamp="2022-12-21T14:04:57.233Z" tests="1" failures="1" errors="1" time="0.000">
    <system-err><![CDATA[Iteration: 0
RequestError: Error: getaddrinfo ENOTFOUND ligirkappservice.azurewebsites.net
    at GetAddrInfoReqWrap.onlookup [as oncomplete] (node:dns:71:26)

---
]]></system-err>
    <testcase name="Create user response body as expected" time="0.000" classname="ValidationTest">
      <failure type="AssertionFailure" message="expected response body to equal 'null' but got undefined">
        <![CDATA[Failed 1 times.]]>
        <![CDATA[Collection JSON ID: f76b0854-7218-400d-ad29-e42337618151.]]>
        <![CDATA[Collection name: ValidationTest.]]>
        <![CDATA[Request name: Create User.]]>
        <![CDATA[Test description: Create user response body as expected.]]>
        <![CDATA[Error message: expected response body to equal 'null' but got undefined.]]>
        <![CDATA[Stacktrace: AssertionError: expected response body to equal 'null' but got undefined
   at Object.eval sandbox-script.js:1:10).]]>
      </failure>
    </testcase>
  </testsuite>
  <testsuite name="Get Activity" id="2888b715-da16-4ee5-a304-4039a7fc09e7" timestamp="2022-12-21T14:04:57.233Z" tests="0" failures="0" errors="2" time="0.000">
    <system-err><![CDATA[Iteration: 0
RequestError: Error: getaddrinfo ENOTFOUND ligirkappservice.azurewebsites.net
    at GetAddrInfoReqWrap.onlookup [as oncomplete] (node:dns:71:26)

---
testScriptError: Unexpected token u in JSON at position 0
---
]]></system-err>
  </testsuite>
  <testsuite name="Get Author" id="1a2729f8-8e98-4509-8582-ac11c0f8fb9f" timestamp="2022-12-21T14:04:57.233Z" tests="0" failures="0" errors="2" time="0.000">
    <system-err><![CDATA[Iteration: 0
RequestError: Error: getaddrinfo ENOTFOUND ligirkappservice.azurewebsites.net
    at GetAddrInfoReqWrap.onlookup [as oncomplete] (node:dns:71:26)

---
testScriptError: Unexpected token u in JSON at position 0
---
]]></system-err>
  </testsuite>
  <testsuite name="Get Book" id="344b8fe7-b65d-487e-b819-c5cc27077751" timestamp="2022-12-21T14:04:57.233Z" tests="0" failures="0" errors="2" time="0.000">
    <system-err><![CDATA[Iteration: 0
RequestError: Error: getaddrinfo ENOTFOUND ligirkappservice.azurewebsites.net
    at GetAddrInfoReqWrap.onlookup [as oncomplete] (node:dns:71:26)

---
testScriptError: Unexpected token u in JSON at position 0
---
]]></system-err>
  </testsuite>
  <testsuite name="Get CoverPhoto" id="659b382b-9227-46f4-ab89-488ebb1c7e5b" timestamp="2022-12-21T14:04:57.233Z" tests="0" failures="0" errors="2" time="0.000">
    <system-err><![CDATA[Iteration: 0
RequestError: Error: getaddrinfo ENOTFOUND ligirkappservice.azurewebsites.net
    at GetAddrInfoReqWrap.onlookup [as oncomplete] (node:dns:71:26)

---
testScriptError: Unexpected token u in JSON at position 0
---
]]></system-err>
  </testsuite>
  <testsuite name="Get User" id="03e0cf92-5a05-4fda-9409-4c086c39fee8" timestamp="2022-12-21T14:04:57.233Z" tests="0" failures="0" errors="2" time="0.000">
    <system-err><![CDATA[Iteration: 0
RequestError: Error: getaddrinfo ENOTFOUND ligirkappservice.azurewebsites.net
    at GetAddrInfoReqWrap.onlookup [as oncomplete] (node:dns:71:26)

---
testScriptError: Unexpected token u in JSON at position 0
---
]]></system-err>
  </testsuite>
  <testsuite name="Update Activity" id="b99cf5c0-e6fe-4dbe-b687-edbf0f194536" timestamp="2022-12-21T14:04:57.233Z" tests="1" failures="1" errors="1" time="0.000">
    <system-err><![CDATA[Iteration: 0
RequestError: Error: getaddrinfo ENOTFOUND ligirkappservice.azurewebsites.net
    at GetAddrInfoReqWrap.onlookup [as oncomplete] (node:dns:71:26)

---
]]></system-err>
    <testcase name="Update activity response body as expected" time="0.000" classname="ValidationTest">
      <failure type="AssertionFailure" message="expected response body to equal 'null' but got undefined">
        <![CDATA[Failed 1 times.]]>
        <![CDATA[Collection JSON ID: f76b0854-7218-400d-ad29-e42337618151.]]>
        <![CDATA[Collection name: ValidationTest.]]>
        <![CDATA[Request name: Update Activity.]]>
        <![CDATA[Test description: Update activity response body as expected.]]>
        <![CDATA[Error message: expected response body to equal 'null' but got undefined.]]>
        <![CDATA[Stacktrace: AssertionError: expected response body to equal 'null' but got undefined
   at Object.eval sandbox-script.js:1:16).]]>
      </failure>
    </testcase>
  </testsuite>
  <testsuite name="Update Author" id="7ea88b95-f4d1-49ef-97ec-efd235daf651" timestamp="2022-12-21T14:04:57.233Z" tests="1" failures="1" errors="1" time="0.000">
    <system-err><![CDATA[Iteration: 0
RequestError: Error: getaddrinfo ENOTFOUND ligirkappservice.azurewebsites.net
    at GetAddrInfoReqWrap.onlookup [as oncomplete] (node:dns:71:26)

---
]]></system-err>
    <testcase name="Update author response body as expected" time="0.000" classname="ValidationTest">
      <failure type="AssertionFailure" message="expected response body to equal 'null' but got undefined">
        <![CDATA[Failed 1 times.]]>
        <![CDATA[Collection JSON ID: f76b0854-7218-400d-ad29-e42337618151.]]>
        <![CDATA[Collection name: ValidationTest.]]>
        <![CDATA[Request name: Update Author.]]>
        <![CDATA[Test description: Update author response body as expected.]]>
        <![CDATA[Error message: expected response body to equal 'null' but got undefined.]]>
        <![CDATA[Stacktrace: AssertionError: expected response body to equal 'null' but got undefined
   at Object.eval sandbox-script.js:1:17).]]>
      </failure>
    </testcase>
  </testsuite>
  <testsuite name="Update Book" id="0e794df4-3afa-4f0c-baad-65ccbdb5a8eb" timestamp="2022-12-21T14:04:57.233Z" tests="1" failures="1" errors="1" time="0.000">
    <system-err><![CDATA[Iteration: 0
RequestError: Error: getaddrinfo ENOTFOUND ligirkappservice.azurewebsites.net
    at GetAddrInfoReqWrap.onlookup [as oncomplete] (node:dns:71:26)

---
]]></system-err>
    <testcase name="Update book response body as expected" time="0.000" classname="ValidationTest">
      <failure type="AssertionFailure" message="expected response body to equal 'null' but got undefined">
        <![CDATA[Failed 1 times.]]>
        <![CDATA[Collection JSON ID: f76b0854-7218-400d-ad29-e42337618151.]]>
        <![CDATA[Collection name: ValidationTest.]]>
        <![CDATA[Request name: Update Book.]]>
        <![CDATA[Test description: Update book response body as expected.]]>
        <![CDATA[Error message: expected response body to equal 'null' but got undefined.]]>
        <![CDATA[Stacktrace: AssertionError: expected response body to equal 'null' but got undefined
   at Object.eval sandbox-script.js:1:18).]]>
      </failure>
    </testcase>
  </testsuite>
  <testsuite name="Update CoverPhoto" id="df2163c7-06f3-4326-b3fb-a4f44b5a6996" timestamp="2022-12-21T14:04:57.233Z" tests="1" failures="1" errors="1" time="0.000">
    <system-err><![CDATA[Iteration: 0
RequestError: Error: getaddrinfo ENOTFOUND ligirkappservice.azurewebsites.net
    at GetAddrInfoReqWrap.onlookup [as oncomplete] (node:dns:71:26)

---
]]></system-err>
    <testcase name="Update cover photo response body as expected" time="0.000" classname="ValidationTest">
      <failure type="AssertionFailure" message="expected response body to equal 'null' but got undefined">
        <![CDATA[Failed 1 times.]]>
        <![CDATA[Collection JSON ID: f76b0854-7218-400d-ad29-e42337618151.]]>
        <![CDATA[Collection name: ValidationTest.]]>
        <![CDATA[Request name: Update CoverPhoto.]]>
        <![CDATA[Test description: Update cover photo response body as expected.]]>
        <![CDATA[Error message: expected response body to equal 'null' but got undefined.]]>
        <![CDATA[Stacktrace: AssertionError: expected response body to equal 'null' but got undefined
   at Object.eval sandbox-script.js:1:19).]]>
      </failure>
    </testcase>
  </testsuite>
  <testsuite name="Update User" id="fa4d9280-751c-44c5-86fd-772b39fdb4d2" timestamp="2022-12-21T14:04:57.233Z" tests="1" failures="1" errors="1" time="0.000">
    <system-err><![CDATA[Iteration: 0
RequestError: Error: getaddrinfo ENOTFOUND ligirkappservice.azurewebsites.net
    at GetAddrInfoReqWrap.onlookup [as oncomplete] (node:dns:71:26)

---
]]></system-err>
    <testcase name="Update user response body as expected" time="0.000" classname="ValidationTest">
      <failure type="AssertionFailure" message="expected response body to equal 'null' but got undefined">
        <![CDATA[Failed 1 times.]]>
        <![CDATA[Collection JSON ID: f76b0854-7218-400d-ad29-e42337618151.]]>
        <![CDATA[Collection name: ValidationTest.]]>
        <![CDATA[Request name: Update User.]]>
        <![CDATA[Test description: Update user response body as expected.]]>
        <![CDATA[Error message: expected response body to equal 'null' but got undefined.]]>
        <![CDATA[Stacktrace: AssertionError: expected response body to equal 'null' but got undefined
   at Object.eval sandbox-script.js:1:20).]]>
      </failure>
    </testcase>
  </testsuite>
  <testsuite name="Delete Activity" id="77187fd5-e64d-45da-9aa7-6c67518e1bbb" timestamp="2022-12-21T14:04:57.233Z" tests="1" failures="1" errors="1" time="0.000">
    <system-err><![CDATA[Iteration: 0
RequestError: Error: getaddrinfo ENOTFOUND ligirkappservice.azurewebsites.net
    at GetAddrInfoReqWrap.onlookup [as oncomplete] (node:dns:71:26)

---
]]></system-err>
    <testcase name="Delete activity response as expected" time="0.000" classname="ValidationTest">
      <failure type="AssertionFailure" message="expected undefined to deeply equal ''">
        <![CDATA[Failed 1 times.]]>
        <![CDATA[Collection JSON ID: f76b0854-7218-400d-ad29-e42337618151.]]>
        <![CDATA[Collection name: ValidationTest.]]>
        <![CDATA[Request name: Delete Activity.]]>
        <![CDATA[Test description: Delete activity response as expected.]]>
        <![CDATA[Error message: expected undefined to deeply equal ''.]]>
        <![CDATA[Stacktrace: AssertionError: expected undefined to deeply equal ''
   at Object.eval sandbox-script.js:1:21).]]>
      </failure>
    </testcase>
  </testsuite>
  <testsuite name="Delete Author" id="35ab18fb-c9e5-41fc-810e-63bcc1eda918" timestamp="2022-12-21T14:04:57.233Z" tests="1" failures="1" errors="1" time="0.000">
    <system-err><![CDATA[Iteration: 0
RequestError: Error: getaddrinfo ENOTFOUND ligirkappservice.azurewebsites.net
    at GetAddrInfoReqWrap.onlookup [as oncomplete] (node:dns:71:26)

---
]]></system-err>
    <testcase name="Delete author response as expected" time="0.000" classname="ValidationTest">
      <failure type="AssertionFailure" message="expected undefined to deeply equal ''">
        <![CDATA[Failed 1 times.]]>
        <![CDATA[Collection JSON ID: f76b0854-7218-400d-ad29-e42337618151.]]>
        <![CDATA[Collection name: ValidationTest.]]>
        <![CDATA[Request name: Delete Author.]]>
        <![CDATA[Test description: Delete author response as expected.]]>
        <![CDATA[Error message: expected undefined to deeply equal ''.]]>
        <![CDATA[Stacktrace: AssertionError: expected undefined to deeply equal ''
   at Object.eval sandbox-script.js:1:22).]]>
      </failure>
    </testcase>
  </testsuite>
  <testsuite name="Delete Book" id="3cddfb05-a659-4f0a-a100-c2645051e95c" timestamp="2022-12-21T14:04:57.233Z" tests="1" failures="1" errors="1" time="0.000">
    <system-err><![CDATA[Iteration: 0
RequestError: Error: getaddrinfo ENOTFOUND ligirkappservice.azurewebsites.net
    at GetAddrInfoReqWrap.onlookup [as oncomplete] (node:dns:71:26)

---
]]></system-err>
    <testcase name="Delete book response as expected" time="0.000" classname="ValidationTest">
      <failure type="AssertionFailure" message="expected undefined to deeply equal ''">
        <![CDATA[Failed 1 times.]]>
        <![CDATA[Collection JSON ID: f76b0854-7218-400d-ad29-e42337618151.]]>
        <![CDATA[Collection name: ValidationTest.]]>
        <![CDATA[Request name: Delete Book.]]>
        <![CDATA[Test description: Delete book response as expected.]]>
        <![CDATA[Error message: expected undefined to deeply equal ''.]]>
        <![CDATA[Stacktrace: AssertionError: expected undefined to deeply equal ''
   at Object.eval sandbox-script.js:1:23).]]>
      </failure>
    </testcase>
  </testsuite>
  <testsuite name="Delete CoverPhoto" id="34c57bdc-28ca-4675-9357-180e855d50a4" timestamp="2022-12-21T14:04:57.233Z" tests="1" failures="1" errors="1" time="0.000">
    <system-err><![CDATA[Iteration: 0
RequestError: Error: getaddrinfo ENOTFOUND ligirkappservice.azurewebsites.net
    at GetAddrInfoReqWrap.onlookup [as oncomplete] (node:dns:71:26)

---
]]></system-err>
    <testcase name="Delete cover photo response as expected" time="0.000" classname="ValidationTest">
      <failure type="AssertionFailure" message="expected undefined to deeply equal ''">
        <![CDATA[Failed 1 times.]]>
        <![CDATA[Collection JSON ID: f76b0854-7218-400d-ad29-e42337618151.]]>
        <![CDATA[Collection name: ValidationTest.]]>
        <![CDATA[Request name: Delete CoverPhoto.]]>
        <![CDATA[Test description: Delete cover photo response as expected.]]>
        <![CDATA[Error message: expected undefined to deeply equal ''.]]>
        <![CDATA[Stacktrace: AssertionError: expected undefined to deeply equal ''
   at Object.eval sandbox-script.js:1:24).]]>
      </failure>
    </testcase>
  </testsuite>
  <testsuite name="Delete User" id="449b36b6-20f1-49d9-bc95-b53ef49ead0f" timestamp="2022-12-21T14:04:57.233Z" tests="1" failures="1" errors="1" time="0.000">
    <system-err><![CDATA[Iteration: 0
RequestError: Error: getaddrinfo ENOTFOUND ligirkappservice.azurewebsites.net
    at GetAddrInfoReqWrap.onlookup [as oncomplete] (node:dns:71:26)

---
]]></system-err>
    <testcase name="Delete user response as expected" time="0.000" classname="ValidationTest">
      <failure type="AssertionFailure" message="expected undefined to deeply equal ''">
        <![CDATA[Failed 1 times.]]>
        <![CDATA[Collection JSON ID: f76b0854-7218-400d-ad29-e42337618151.]]>
        <![CDATA[Collection name: ValidationTest.]]>
        <![CDATA[Request name: Delete User.]]>
        <![CDATA[Test description: Delete user response as expected.]]>
        <![CDATA[Error message: expected undefined to deeply equal ''.]]>
        <![CDATA[Stacktrace: AssertionError: expected undefined to deeply equal ''
   at Object.eval sandbox-script.js:1:25).]]>
      </failure>
    </testcase>
  </testsuite>
</testsuites>